<?xml version="1.0" encoding="UTF-8"?>
<!-- Generated by org.testng.reporters.JUnitReportReporter -->
<testsuite hostname="DESKTOP-VGBJQDV" failures="0" tests="1" name="com.Parabank_PageTest.TC_001_LoginDetails_Test" time="1.220" errors="0" timestamp="09 Dec 2022 10:36:56 GMT" skipped="0">
  <testcase classname="com.Parabank_PageTest.TC_001_LoginDetails_Test" name="Enter_the_credentials" time="1.220"/>
</testsuite> <!-- com.Parabank_PageTest.TC_001_LoginDetails_Test -->
