<?xml version="1.0" encoding="UTF-8"?>
<!-- Generated by org.testng.reporters.JUnitReportReporter -->
<testsuite hostname="DESKTOP-VGBJQDV" failures="0" tests="3" name="com.Parabank_PageTest.TC_002_OpenNewAccount_Test" time="3.190" errors="0" timestamp="09 Dec 2022 10:37:24 GMT" skipped="0">
  <testcase classname="com.Parabank_PageTest.TC_002_OpenNewAccount_Test" name="Enter_the_username" time="1.293"/>
  <testcase classname="com.Parabank_PageTest.TC_002_OpenNewAccount_Test" name="OpenNewAccount" time="1.301"/>
  <testcase classname="com.Parabank_PageTest.TC_002_OpenNewAccount_Test" name="Accountnumber_into_the_Excel" time="0.596"/>
</testsuite> <!-- com.Parabank_PageTest.TC_002_OpenNewAccount_Test -->
