<?xml version="1.0" encoding="UTF-8"?>
<!-- Generated by org.testng.reporters.JUnitReportReporter -->
<testsuite hostname="DESKTOP-VGBJQDV" failures="0" tests="3" name="com.Parabank_PageTest.TC_003_OpenNewAccount_Test" time="3.323" errors="0" timestamp="13 Dec 2022 06:35:48 GMT" skipped="0">
  <testcase classname="com.Parabank_PageTest.TC_003_OpenNewAccount_Test" name="Enter_the_username" time="1.942"/>
  <testcase classname="com.Parabank_PageTest.TC_003_OpenNewAccount_Test" name="OpenNewAccount" time="0.909"/>
  <testcase classname="com.Parabank_PageTest.TC_003_OpenNewAccount_Test" name="Accountnumber_into_the_Excel" time="0.472"/>
</testsuite> <!-- com.Parabank_PageTest.TC_003_OpenNewAccount_Test -->
