<?xml version="1.0" encoding="UTF-8"?>
<!-- Generated by org.testng.reporters.JUnitReportReporter -->
<testsuite hostname="DESKTOP-VGBJQDV" failures="0" tests="1" name="com.writeexcel.ReadExcel" time="0.402" errors="0" timestamp="09 Dec 2022 13:43:56 GMT" skipped="0">
  <testcase classname="com.writeexcel.ReadExcel" name="readexcel" time="0.402"/>
</testsuite> <!-- com.writeexcel.ReadExcel -->
