<?xml version="1.0" encoding="UTF-8"?>
<!-- Generated by org.testng.reporters.JUnitReportReporter -->
<testsuite hostname="DESKTOP-VGBJQDV" failures="0" tests="1" name="com.Parabank_PageTest.TC_001_Register_Test" time="3.191" errors="0" timestamp="13 Dec 2022 06:35:48 GMT" skipped="0">
  <testcase classname="com.Parabank_PageTest.TC_001_Register_Test" name="register" time="3.191"/>
</testsuite> <!-- com.Parabank_PageTest.TC_001_Register_Test -->
