<?xml version="1.0" encoding="UTF-8"?>
<!-- Generated by org.testng.reporters.JUnitReportReporter -->
<testsuite hostname="DESKTOP-VGBJQDV" failures="0" tests="2" name="com.Parabank_PageTest.TC_004_VerifyingAccount_Test" time="2.902" errors="0" timestamp="13 Dec 2022 06:35:48 GMT" skipped="0">
  <testcase classname="com.Parabank_PageTest.TC_004_VerifyingAccount_Test" name="Enter_the_username" time="1.585"/>
  <testcase classname="com.Parabank_PageTest.TC_004_VerifyingAccount_Test" name="VerfyingAcount" time="1.317"/>
</testsuite> <!-- com.Parabank_PageTest.TC_004_VerifyingAccount_Test -->
